<?xml version="1.0" encoding="UTF-8"?>
<!-- Generated by org.testng.reporters.JUnitReportReporter -->
<testsuite hostname="DESKTOP-86HG8TK" failures="0" tests="1" name="com.obsqura.tests.ListSubCategoriesTest" time="9.700" errors="0" timestamp="2023-09-20T23:50:08 IST" skipped="0">
  <testcase classname="com.obsqura.tests.ListSubCategoriesTest" name="ManageCategoryTest" time="9.700"/>
  <system-out/>
</testsuite> <!-- com.obsqura.tests.ListSubCategoriesTest -->
